  [1m[36m (2.9ms)[0m  [1mCREATE TABLE "schema_migrations" ("version" varchar NOT NULL) [0m
  [1m[35m (0.1ms)[0m  select sqlite_version(*)
  [1m[36m (1.1ms)[0m  [1mCREATE UNIQUE INDEX "unique_schema_migrations" ON "schema_migrations" ("version")[0m
  [1m[35mActiveRecord::SchemaMigration Load (0.1ms)[0m  SELECT "schema_migrations".* FROM "schema_migrations"
Migrating to CreatePosts (20150607150148)
  [1m[36m (0.1ms)[0m  [1mbegin transaction[0m
  [1m[35m (1.0ms)[0m  CREATE TABLE "posts" ("id" INTEGER PRIMARY KEY AUTOINCREMENT NOT NULL, "title" varchar, "body" text, "created_at" datetime NOT NULL, "updated_at" datetime NOT NULL) 
  [1m[36mSQL (1.0ms)[0m  [1mINSERT INTO "schema_migrations" ("version") VALUES (?)[0m  [["version", "20150607150148"]]
  [1m[35m (1.4ms)[0m  commit transaction
  [1m[36mActiveRecord::SchemaMigration Load (1.9ms)[0m  [1mSELECT "schema_migrations".* FROM "schema_migrations"[0m
  [1m[36m (0.2ms)[0m  [1mbegin transaction[0m
  [1m[35mSQL (1.4ms)[0m  INSERT INTO "posts" ("created_at", "updated_at") VALUES (?, ?)  [["created_at", "2015-06-07 15:04:34.378671"], ["updated_at", "2015-06-07 15:04:34.378671"]]
  [1m[36m (1.1ms)[0m  [1mcommit transaction[0m
  [1m[35m (0.1ms)[0m  begin transaction
  [1m[36mSQL (0.4ms)[0m  [1mINSERT INTO "posts" ("title", "body", "created_at", "updated_at") VALUES (?, ?, ?, ?)[0m  [["title", "Hello, Nashville!"], ["body", "This is a sample blog post, so it is not going to contain very much information."], ["created_at", "2015-06-07 15:06:22.837210"], ["updated_at", "2015-06-07 15:06:22.837210"]]
  [1m[35m (1.0ms)[0m  commit transaction


Started GET "/" for ::1 at 2015-06-07 10:07:06 -0500
  [1m[36mActiveRecord::SchemaMigration Load (0.5ms)[0m  [1mSELECT "schema_migrations".* FROM "schema_migrations"[0m
Processing by Rails::WelcomeController#index as HTML
  Rendered /Users/ebrengle/.rvm/gems/ruby-2.2.2/gems/railties-4.2.1/lib/rails/templates/rails/welcome/index.html.erb (4.8ms)
Completed 200 OK in 50ms (Views: 24.9ms | ActiveRecord: 0.0ms)


Started GET "/post" for ::1 at 2015-06-07 10:10:18 -0500

ActionController::RoutingError (uninitialized constant PostController):
  activesupport (4.2.1) lib/active_support/inflector/methods.rb:261:in `const_get'
  activesupport (4.2.1) lib/active_support/inflector/methods.rb:261:in `block in constantize'
  activesupport (4.2.1) lib/active_support/inflector/methods.rb:259:in `each'
  activesupport (4.2.1) lib/active_support/inflector/methods.rb:259:in `inject'
  activesupport (4.2.1) lib/active_support/inflector/methods.rb:259:in `constantize'
  actionpack (4.2.1) lib/action_dispatch/routing/route_set.rb:70:in `controller_reference'
  actionpack (4.2.1) lib/action_dispatch/routing/route_set.rb:60:in `controller'
  actionpack (4.2.1) lib/action_dispatch/routing/route_set.rb:39:in `serve'
  actionpack (4.2.1) lib/action_dispatch/journey/router.rb:43:in `block in serve'
  actionpack (4.2.1) lib/action_dispatch/journey/router.rb:30:in `each'
  actionpack (4.2.1) lib/action_dispatch/journey/router.rb:30:in `serve'
  actionpack (4.2.1) lib/action_dispatch/routing/route_set.rb:819:in `call'
  rack (1.6.1) lib/rack/etag.rb:24:in `call'
  rack (1.6.1) lib/rack/conditionalget.rb:25:in `call'
  rack (1.6.1) lib/rack/head.rb:13:in `call'
  actionpack (4.2.1) lib/action_dispatch/middleware/params_parser.rb:27:in `call'
  actionpack (4.2.1) lib/action_dispatch/middleware/flash.rb:260:in `call'
  rack (1.6.1) lib/rack/session/abstract/id.rb:225:in `context'
  rack (1.6.1) lib/rack/session/abstract/id.rb:220:in `call'
  actionpack (4.2.1) lib/action_dispatch/middleware/cookies.rb:560:in `call'
  activerecord (4.2.1) lib/active_record/query_cache.rb:36:in `call'
  activerecord (4.2.1) lib/active_record/connection_adapters/abstract/connection_pool.rb:649:in `call'
  activerecord (4.2.1) lib/active_record/migration.rb:378:in `call'
  actionpack (4.2.1) lib/action_dispatch/middleware/callbacks.rb:29:in `block in call'
  activesupport (4.2.1) lib/active_support/callbacks.rb:88:in `call'
  activesupport (4.2.1) lib/active_support/callbacks.rb:88:in `_run_callbacks'
  activesupport (4.2.1) lib/active_support/callbacks.rb:776:in `_run_call_callbacks'
  activesupport (4.2.1) lib/active_support/callbacks.rb:81:in `run_callbacks'
  actionpack (4.2.1) lib/action_dispatch/middleware/callbacks.rb:27:in `call'
  actionpack (4.2.1) lib/action_dispatch/middleware/reloader.rb:73:in `call'
  actionpack (4.2.1) lib/action_dispatch/middleware/remote_ip.rb:78:in `call'
  actionpack (4.2.1) lib/action_dispatch/middleware/debug_exceptions.rb:17:in `call'
  web-console (2.1.2) lib/web_console/middleware.rb:37:in `call'
  actionpack (4.2.1) lib/action_dispatch/middleware/show_exceptions.rb:30:in `call'
  railties (4.2.1) lib/rails/rack/logger.rb:38:in `call_app'
  railties (4.2.1) lib/rails/rack/logger.rb:20:in `block in call'
  activesupport (4.2.1) lib/active_support/tagged_logging.rb:68:in `block in tagged'
  activesupport (4.2.1) lib/active_support/tagged_logging.rb:26:in `tagged'
  activesupport (4.2.1) lib/active_support/tagged_logging.rb:68:in `tagged'
  railties (4.2.1) lib/rails/rack/logger.rb:20:in `call'
  actionpack (4.2.1) lib/action_dispatch/middleware/request_id.rb:21:in `call'
  rack (1.6.1) lib/rack/methodoverride.rb:22:in `call'
  rack (1.6.1) lib/rack/runtime.rb:18:in `call'
  activesupport (4.2.1) lib/active_support/cache/strategy/local_cache_middleware.rb:28:in `call'
  rack (1.6.1) lib/rack/lock.rb:17:in `call'
  actionpack (4.2.1) lib/action_dispatch/middleware/static.rb:113:in `call'
  rack (1.6.1) lib/rack/sendfile.rb:113:in `call'
  railties (4.2.1) lib/rails/engine.rb:518:in `call'
  railties (4.2.1) lib/rails/application.rb:164:in `call'
  rack (1.6.1) lib/rack/lock.rb:17:in `call'
  rack (1.6.1) lib/rack/content_length.rb:15:in `call'
  rack (1.6.1) lib/rack/handler/webrick.rb:89:in `service'
  /Users/ebrengle/.rvm/rubies/ruby-2.2.2/lib/ruby/2.2.0/webrick/httpserver.rb:138:in `service'
  /Users/ebrengle/.rvm/rubies/ruby-2.2.2/lib/ruby/2.2.0/webrick/httpserver.rb:94:in `run'
  /Users/ebrengle/.rvm/rubies/ruby-2.2.2/lib/ruby/2.2.0/webrick/server.rb:294:in `block in start_thread'


  Rendered /Users/ebrengle/.rvm/gems/ruby-2.2.2/gems/actionpack-4.2.1/lib/action_dispatch/middleware/templates/rescues/_trace.html.erb (10.5ms)
  Rendered /Users/ebrengle/.rvm/gems/ruby-2.2.2/gems/actionpack-4.2.1/lib/action_dispatch/middleware/templates/routes/_route.html.erb (1.7ms)
  Rendered /Users/ebrengle/.rvm/gems/ruby-2.2.2/gems/actionpack-4.2.1/lib/action_dispatch/middleware/templates/routes/_table.html.erb (39.6ms)
  Rendered /Users/ebrengle/.rvm/gems/ruby-2.2.2/gems/actionpack-4.2.1/lib/action_dispatch/middleware/templates/rescues/_request_and_response.html.erb (2.1ms)
  Rendered /Users/ebrengle/.rvm/gems/ruby-2.2.2/gems/actionpack-4.2.1/lib/action_dispatch/middleware/templates/rescues/routing_error.html.erb within rescues/layout (215.7ms)
  Rendered /Users/ebrengle/.rvm/gems/ruby-2.2.2/gems/web-console-2.1.2/lib/web_console/templates/_markup.html.erb (1.0ms)
  Rendered /Users/ebrengle/.rvm/gems/ruby-2.2.2/gems/web-console-2.1.2/lib/web_console/templates/style.css.erb within layouts/inlined_string (0.5ms)
  Rendered /Users/ebrengle/.rvm/gems/ruby-2.2.2/gems/web-console-2.1.2/lib/web_console/templates/_inner_console_markup.html.erb within layouts/inlined_string (0.8ms)
  Rendered /Users/ebrengle/.rvm/gems/ruby-2.2.2/gems/web-console-2.1.2/lib/web_console/templates/_prompt_box_markup.html.erb within layouts/inlined_string (0.7ms)
  Rendered /Users/ebrengle/.rvm/gems/ruby-2.2.2/gems/web-console-2.1.2/lib/web_console/templates/console.js.erb within layouts/javascript (144.1ms)
  Rendered /Users/ebrengle/.rvm/gems/ruby-2.2.2/gems/web-console-2.1.2/lib/web_console/templates/main.js.erb within layouts/javascript (0.5ms)
  Rendered /Users/ebrengle/.rvm/gems/ruby-2.2.2/gems/web-console-2.1.2/lib/web_console/templates/error_page.js.erb within layouts/javascript (1.5ms)
  Rendered /Users/ebrengle/.rvm/gems/ruby-2.2.2/gems/web-console-2.1.2/lib/web_console/templates/index.html.erb (271.7ms)


Started GET "/post" for ::1 at 2015-06-07 10:11:34 -0500

ActionController::RoutingError (No route matches [GET] "/post"):
  actionpack (4.2.1) lib/action_dispatch/middleware/debug_exceptions.rb:21:in `call'
  web-console (2.1.2) lib/web_console/middleware.rb:37:in `call'
  actionpack (4.2.1) lib/action_dispatch/middleware/show_exceptions.rb:30:in `call'
  railties (4.2.1) lib/rails/rack/logger.rb:38:in `call_app'
  railties (4.2.1) lib/rails/rack/logger.rb:20:in `block in call'
  activesupport (4.2.1) lib/active_support/tagged_logging.rb:68:in `block in tagged'
  activesupport (4.2.1) lib/active_support/tagged_logging.rb:26:in `tagged'
  activesupport (4.2.1) lib/active_support/tagged_logging.rb:68:in `tagged'
  railties (4.2.1) lib/rails/rack/logger.rb:20:in `call'
  actionpack (4.2.1) lib/action_dispatch/middleware/request_id.rb:21:in `call'
  rack (1.6.1) lib/rack/methodoverride.rb:22:in `call'
  rack (1.6.1) lib/rack/runtime.rb:18:in `call'
  activesupport (4.2.1) lib/active_support/cache/strategy/local_cache_middleware.rb:28:in `call'
  rack (1.6.1) lib/rack/lock.rb:17:in `call'
  actionpack (4.2.1) lib/action_dispatch/middleware/static.rb:113:in `call'
  rack (1.6.1) lib/rack/sendfile.rb:113:in `call'
  railties (4.2.1) lib/rails/engine.rb:518:in `call'
  railties (4.2.1) lib/rails/application.rb:164:in `call'
  rack (1.6.1) lib/rack/lock.rb:17:in `call'
  rack (1.6.1) lib/rack/content_length.rb:15:in `call'
  rack (1.6.1) lib/rack/handler/webrick.rb:89:in `service'
  /Users/ebrengle/.rvm/rubies/ruby-2.2.2/lib/ruby/2.2.0/webrick/httpserver.rb:138:in `service'
  /Users/ebrengle/.rvm/rubies/ruby-2.2.2/lib/ruby/2.2.0/webrick/httpserver.rb:94:in `run'
  /Users/ebrengle/.rvm/rubies/ruby-2.2.2/lib/ruby/2.2.0/webrick/server.rb:294:in `block in start_thread'


  Rendered /Users/ebrengle/.rvm/gems/ruby-2.2.2/gems/actionpack-4.2.1/lib/action_dispatch/middleware/templates/rescues/_trace.html.erb (5.4ms)
  Rendered /Users/ebrengle/.rvm/gems/ruby-2.2.2/gems/actionpack-4.2.1/lib/action_dispatch/middleware/templates/routes/_route.html.erb (4.3ms)
  Rendered /Users/ebrengle/.rvm/gems/ruby-2.2.2/gems/actionpack-4.2.1/lib/action_dispatch/middleware/templates/routes/_table.html.erb (7.5ms)
  Rendered /Users/ebrengle/.rvm/gems/ruby-2.2.2/gems/actionpack-4.2.1/lib/action_dispatch/middleware/templates/rescues/_request_and_response.html.erb (90.8ms)
  Rendered /Users/ebrengle/.rvm/gems/ruby-2.2.2/gems/actionpack-4.2.1/lib/action_dispatch/middleware/templates/rescues/routing_error.html.erb within rescues/layout (261.8ms)
  Rendered /Users/ebrengle/.rvm/gems/ruby-2.2.2/gems/web-console-2.1.2/lib/web_console/templates/_markup.html.erb (1.2ms)
  Rendered /Users/ebrengle/.rvm/gems/ruby-2.2.2/gems/web-console-2.1.2/lib/web_console/templates/style.css.erb within layouts/inlined_string (2.4ms)
  Rendered /Users/ebrengle/.rvm/gems/ruby-2.2.2/gems/web-console-2.1.2/lib/web_console/templates/_inner_console_markup.html.erb within layouts/inlined_string (1.6ms)
  Rendered /Users/ebrengle/.rvm/gems/ruby-2.2.2/gems/web-console-2.1.2/lib/web_console/templates/_prompt_box_markup.html.erb within layouts/inlined_string (0.5ms)
  Rendered /Users/ebrengle/.rvm/gems/ruby-2.2.2/gems/web-console-2.1.2/lib/web_console/templates/console.js.erb within layouts/javascript (127.5ms)
  Rendered /Users/ebrengle/.rvm/gems/ruby-2.2.2/gems/web-console-2.1.2/lib/web_console/templates/main.js.erb within layouts/javascript (0.9ms)
  Rendered /Users/ebrengle/.rvm/gems/ruby-2.2.2/gems/web-console-2.1.2/lib/web_console/templates/error_page.js.erb within layouts/javascript (2.4ms)
  Rendered /Users/ebrengle/.rvm/gems/ruby-2.2.2/gems/web-console-2.1.2/lib/web_console/templates/index.html.erb (273.9ms)


Started GET "/post" for ::1 at 2015-06-07 10:24:21 -0500

ActionController::RoutingError (No route matches [GET] "/post"):
  actionpack (4.2.1) lib/action_dispatch/middleware/debug_exceptions.rb:21:in `call'
  web-console (2.1.2) lib/web_console/middleware.rb:37:in `call'
  actionpack (4.2.1) lib/action_dispatch/middleware/show_exceptions.rb:30:in `call'
  railties (4.2.1) lib/rails/rack/logger.rb:38:in `call_app'
  railties (4.2.1) lib/rails/rack/logger.rb:20:in `block in call'
  activesupport (4.2.1) lib/active_support/tagged_logging.rb:68:in `block in tagged'
  activesupport (4.2.1) lib/active_support/tagged_logging.rb:26:in `tagged'
  activesupport (4.2.1) lib/active_support/tagged_logging.rb:68:in `tagged'
  railties (4.2.1) lib/rails/rack/logger.rb:20:in `call'
  actionpack (4.2.1) lib/action_dispatch/middleware/request_id.rb:21:in `call'
  rack (1.6.1) lib/rack/methodoverride.rb:22:in `call'
  rack (1.6.1) lib/rack/runtime.rb:18:in `call'
  activesupport (4.2.1) lib/active_support/cache/strategy/local_cache_middleware.rb:28:in `call'
  rack (1.6.1) lib/rack/lock.rb:17:in `call'
  actionpack (4.2.1) lib/action_dispatch/middleware/static.rb:113:in `call'
  rack (1.6.1) lib/rack/sendfile.rb:113:in `call'
  railties (4.2.1) lib/rails/engine.rb:518:in `call'
  railties (4.2.1) lib/rails/application.rb:164:in `call'
  rack (1.6.1) lib/rack/lock.rb:17:in `call'
  rack (1.6.1) lib/rack/content_length.rb:15:in `call'
  rack (1.6.1) lib/rack/handler/webrick.rb:89:in `service'
  /Users/ebrengle/.rvm/rubies/ruby-2.2.2/lib/ruby/2.2.0/webrick/httpserver.rb:138:in `service'
  /Users/ebrengle/.rvm/rubies/ruby-2.2.2/lib/ruby/2.2.0/webrick/httpserver.rb:94:in `run'
  /Users/ebrengle/.rvm/rubies/ruby-2.2.2/lib/ruby/2.2.0/webrick/server.rb:294:in `block in start_thread'


  Rendered /Users/ebrengle/.rvm/gems/ruby-2.2.2/gems/actionpack-4.2.1/lib/action_dispatch/middleware/templates/rescues/_trace.html.erb (8.2ms)
  Rendered /Users/ebrengle/.rvm/gems/ruby-2.2.2/gems/actionpack-4.2.1/lib/action_dispatch/middleware/templates/routes/_route.html.erb (4.6ms)
  Rendered /Users/ebrengle/.rvm/gems/ruby-2.2.2/gems/actionpack-4.2.1/lib/action_dispatch/middleware/templates/routes/_table.html.erb (10.8ms)
  Rendered /Users/ebrengle/.rvm/gems/ruby-2.2.2/gems/actionpack-4.2.1/lib/action_dispatch/middleware/templates/rescues/_request_and_response.html.erb (5.7ms)
  Rendered /Users/ebrengle/.rvm/gems/ruby-2.2.2/gems/actionpack-4.2.1/lib/action_dispatch/middleware/templates/rescues/routing_error.html.erb within rescues/layout (204.0ms)
  Rendered /Users/ebrengle/.rvm/gems/ruby-2.2.2/gems/web-console-2.1.2/lib/web_console/templates/_markup.html.erb (1.6ms)
  Rendered /Users/ebrengle/.rvm/gems/ruby-2.2.2/gems/web-console-2.1.2/lib/web_console/templates/style.css.erb within layouts/inlined_string (0.7ms)
  Rendered /Users/ebrengle/.rvm/gems/ruby-2.2.2/gems/web-console-2.1.2/lib/web_console/templates/_inner_console_markup.html.erb within layouts/inlined_string (0.5ms)
  Rendered /Users/ebrengle/.rvm/gems/ruby-2.2.2/gems/web-console-2.1.2/lib/web_console/templates/_prompt_box_markup.html.erb within layouts/inlined_string (0.8ms)
  Rendered /Users/ebrengle/.rvm/gems/ruby-2.2.2/gems/web-console-2.1.2/lib/web_console/templates/console.js.erb within layouts/javascript (107.9ms)
  Rendered /Users/ebrengle/.rvm/gems/ruby-2.2.2/gems/web-console-2.1.2/lib/web_console/templates/main.js.erb within layouts/javascript (2.9ms)
  Rendered /Users/ebrengle/.rvm/gems/ruby-2.2.2/gems/web-console-2.1.2/lib/web_console/templates/error_page.js.erb within layouts/javascript (1.0ms)
  Rendered /Users/ebrengle/.rvm/gems/ruby-2.2.2/gems/web-console-2.1.2/lib/web_console/templates/index.html.erb (269.0ms)
  [1m[36mActiveRecord::SchemaMigration Load (0.4ms)[0m  [1mSELECT "schema_migrations".* FROM "schema_migrations"[0m
  [1m[35mActiveRecord::SchemaMigration Load (0.6ms)[0m  SELECT "schema_migrations".* FROM "schema_migrations"


Started GET "/post" for ::1 at 2015-06-07 10:24:45 -0500

ActionController::RoutingError (No route matches [GET] "/post"):
  actionpack (4.2.1) lib/action_dispatch/middleware/debug_exceptions.rb:21:in `call'
  web-console (2.1.2) lib/web_console/middleware.rb:37:in `call'
  actionpack (4.2.1) lib/action_dispatch/middleware/show_exceptions.rb:30:in `call'
  railties (4.2.1) lib/rails/rack/logger.rb:38:in `call_app'
  railties (4.2.1) lib/rails/rack/logger.rb:20:in `block in call'
  activesupport (4.2.1) lib/active_support/tagged_logging.rb:68:in `block in tagged'
  activesupport (4.2.1) lib/active_support/tagged_logging.rb:26:in `tagged'
  activesupport (4.2.1) lib/active_support/tagged_logging.rb:68:in `tagged'
  railties (4.2.1) lib/rails/rack/logger.rb:20:in `call'
  actionpack (4.2.1) lib/action_dispatch/middleware/request_id.rb:21:in `call'
  rack (1.6.1) lib/rack/methodoverride.rb:22:in `call'
  rack (1.6.1) lib/rack/runtime.rb:18:in `call'
  activesupport (4.2.1) lib/active_support/cache/strategy/local_cache_middleware.rb:28:in `call'
  rack (1.6.1) lib/rack/lock.rb:17:in `call'
  actionpack (4.2.1) lib/action_dispatch/middleware/static.rb:113:in `call'
  rack (1.6.1) lib/rack/sendfile.rb:113:in `call'
  railties (4.2.1) lib/rails/engine.rb:518:in `call'
  railties (4.2.1) lib/rails/application.rb:164:in `call'
  rack (1.6.1) lib/rack/lock.rb:17:in `call'
  rack (1.6.1) lib/rack/content_length.rb:15:in `call'
  rack (1.6.1) lib/rack/handler/webrick.rb:89:in `service'
  /Users/ebrengle/.rvm/rubies/ruby-2.2.2/lib/ruby/2.2.0/webrick/httpserver.rb:138:in `service'
  /Users/ebrengle/.rvm/rubies/ruby-2.2.2/lib/ruby/2.2.0/webrick/httpserver.rb:94:in `run'
  /Users/ebrengle/.rvm/rubies/ruby-2.2.2/lib/ruby/2.2.0/webrick/server.rb:294:in `block in start_thread'


  Rendered /Users/ebrengle/.rvm/gems/ruby-2.2.2/gems/actionpack-4.2.1/lib/action_dispatch/middleware/templates/rescues/_trace.html.erb (3.6ms)
  Rendered /Users/ebrengle/.rvm/gems/ruby-2.2.2/gems/actionpack-4.2.1/lib/action_dispatch/middleware/templates/routes/_route.html.erb (4.9ms)
  Rendered /Users/ebrengle/.rvm/gems/ruby-2.2.2/gems/actionpack-4.2.1/lib/action_dispatch/middleware/templates/routes/_table.html.erb (54.2ms)
  Rendered /Users/ebrengle/.rvm/gems/ruby-2.2.2/gems/actionpack-4.2.1/lib/action_dispatch/middleware/templates/rescues/_request_and_response.html.erb (2.7ms)
  Rendered /Users/ebrengle/.rvm/gems/ruby-2.2.2/gems/actionpack-4.2.1/lib/action_dispatch/middleware/templates/rescues/routing_error.html.erb within rescues/layout (192.9ms)
  Rendered /Users/ebrengle/.rvm/gems/ruby-2.2.2/gems/web-console-2.1.2/lib/web_console/templates/_markup.html.erb (0.7ms)
  Rendered /Users/ebrengle/.rvm/gems/ruby-2.2.2/gems/web-console-2.1.2/lib/web_console/templates/style.css.erb within layouts/inlined_string (2.0ms)
  Rendered /Users/ebrengle/.rvm/gems/ruby-2.2.2/gems/web-console-2.1.2/lib/web_console/templates/_inner_console_markup.html.erb within layouts/inlined_string (0.4ms)
  Rendered /Users/ebrengle/.rvm/gems/ruby-2.2.2/gems/web-console-2.1.2/lib/web_console/templates/_prompt_box_markup.html.erb within layouts/inlined_string (1.8ms)
  Rendered /Users/ebrengle/.rvm/gems/ruby-2.2.2/gems/web-console-2.1.2/lib/web_console/templates/console.js.erb within layouts/javascript (103.6ms)
  Rendered /Users/ebrengle/.rvm/gems/ruby-2.2.2/gems/web-console-2.1.2/lib/web_console/templates/main.js.erb within layouts/javascript (0.9ms)
  Rendered /Users/ebrengle/.rvm/gems/ruby-2.2.2/gems/web-console-2.1.2/lib/web_console/templates/error_page.js.erb within layouts/javascript (2.0ms)
  Rendered /Users/ebrengle/.rvm/gems/ruby-2.2.2/gems/web-console-2.1.2/lib/web_console/templates/index.html.erb (258.1ms)


Started GET "/posts" for ::1 at 2015-06-07 10:28:06 -0500
Processing by PostsController#index as HTML
  Rendered posts/index.html.erb within layouts/application (2.7ms)
Completed 200 OK in 4539ms (Views: 4533.5ms | ActiveRecord: 0.0ms)


Started GET "/assets/posts.self-877aef30ae1b040ab8a3aba4e3e309a11d7f2612f44dde450b5c157aa5f95c05.js?body=1" for ::1 at 2015-06-07 10:28:11 -0500


Started GET "/assets/posts.self-e3b0c44298fc1c149afbf4c8996fb92427ae41e4649b934ca495991b7852b855.css?body=1" for ::1 at 2015-06-07 10:28:11 -0500


Started GET "/posts" for ::1 at 2015-06-07 10:28:51 -0500
Processing by PostsController#index as HTML
  Rendered posts/index.html.erb within layouts/application (3.8ms)
Completed 500 Internal Server Error in 17ms (ActiveRecord: 0.0ms)

SyntaxError (/Users/ebrengle/Box Sync/NSS/simple_rails_blog/app/views/posts/index.html.erb:5: syntax error, unexpected keyword_ensure, expecting keyword_end
/Users/ebrengle/Box Sync/NSS/simple_rails_blog/app/views/posts/index.html.erb:7: syntax error, unexpected end-of-input, expecting keyword_end):
  app/views/posts/index.html.erb:5: syntax error, unexpected keyword_ensure, expecting keyword_end
  app/views/posts/index.html.erb:7: syntax error, unexpected end-of-input, expecting keyword_end


  Rendered /Users/ebrengle/.rvm/gems/ruby-2.2.2/gems/actionpack-4.2.1/lib/action_dispatch/middleware/templates/rescues/_source.erb (75.8ms)
  Rendered /Users/ebrengle/.rvm/gems/ruby-2.2.2/gems/actionpack-4.2.1/lib/action_dispatch/middleware/templates/rescues/_trace.html.erb (27.9ms)
  Rendered /Users/ebrengle/.rvm/gems/ruby-2.2.2/gems/actionpack-4.2.1/lib/action_dispatch/middleware/templates/rescues/_request_and_response.html.erb (1.9ms)
  Rendered /Users/ebrengle/.rvm/gems/ruby-2.2.2/gems/actionpack-4.2.1/lib/action_dispatch/middleware/templates/rescues/diagnostics.html.erb within rescues/layout (273.5ms)
  Rendered /Users/ebrengle/.rvm/gems/ruby-2.2.2/gems/web-console-2.1.2/lib/web_console/templates/_markup.html.erb (0.5ms)
  Rendered /Users/ebrengle/.rvm/gems/ruby-2.2.2/gems/web-console-2.1.2/lib/web_console/templates/style.css.erb within layouts/inlined_string (0.5ms)
  Rendered /Users/ebrengle/.rvm/gems/ruby-2.2.2/gems/web-console-2.1.2/lib/web_console/templates/_inner_console_markup.html.erb within layouts/inlined_string (1.0ms)
  Rendered /Users/ebrengle/.rvm/gems/ruby-2.2.2/gems/web-console-2.1.2/lib/web_console/templates/_prompt_box_markup.html.erb within layouts/inlined_string (0.7ms)
  Rendered /Users/ebrengle/.rvm/gems/ruby-2.2.2/gems/web-console-2.1.2/lib/web_console/templates/console.js.erb within layouts/javascript (125.8ms)
  Rendered /Users/ebrengle/.rvm/gems/ruby-2.2.2/gems/web-console-2.1.2/lib/web_console/templates/main.js.erb within layouts/javascript (0.7ms)
  Rendered /Users/ebrengle/.rvm/gems/ruby-2.2.2/gems/web-console-2.1.2/lib/web_console/templates/error_page.js.erb within layouts/javascript (1.0ms)
  Rendered /Users/ebrengle/.rvm/gems/ruby-2.2.2/gems/web-console-2.1.2/lib/web_console/templates/index.html.erb (279.6ms)


Started GET "/posts" for ::1 at 2015-06-07 10:31:08 -0500
Processing by PostsController#index as HTML
  [1m[35mPost Load (0.7ms)[0m  SELECT "posts".* FROM "posts"
  Rendered posts/index.html.erb within layouts/application (12.4ms)
Completed 200 OK in 78ms (Views: 75.0ms | ActiveRecord: 1.2ms)


Started GET "/assets/jquery_ujs.self-8e98a7a072a6cee1372d19fff9ff3e6aa1e39a37d89d6f06861637d061113ee7.js?body=1" for ::1 at 2015-06-07 10:31:08 -0500


Started GET "/assets/jquery.self-d03a5518f45df77341bdbe6201ba3bfa547ebba8ed64f0ea56bfa5f96ea7c074.js?body=1" for ::1 at 2015-06-07 10:31:08 -0500


Started GET "/assets/application.self-3b8dabdc891efe46b9a144b400ad69e37d7e5876bdc39dee783419a69d7ca819.js?body=1" for ::1 at 2015-06-07 10:31:08 -0500


Started GET "/assets/application.self-e80e8f2318043e8af94dddc2adad5a4f09739a8ebb323b3ab31cd71d45fd9113.css?body=1" for ::1 at 2015-06-07 10:31:09 -0500


Started GET "/assets/turbolinks.self-c37727e9bd6b2735da5c311aa83fead54ed0be6cc8bd9a65309e9c5abe2cbfff.js?body=1" for ::1 at 2015-06-07 10:31:09 -0500


Started GET "/assets/posts.self-877aef30ae1b040ab8a3aba4e3e309a11d7f2612f44dde450b5c157aa5f95c05.js?body=1" for ::1 at 2015-06-07 10:31:09 -0500


Started GET "/assets/posts.self-e3b0c44298fc1c149afbf4c8996fb92427ae41e4649b934ca495991b7852b855.css?body=1" for ::1 at 2015-06-07 10:31:09 -0500
  [1m[36m (0.2ms)[0m  [1mbegin transaction[0m
  [1m[35mSQL (2.3ms)[0m  INSERT INTO "posts" ("title", "body", "created_at", "updated_at") VALUES (?, ?, ?, ?)  [["title", " My Blog Post 2"], ["body", "This is my second blog post."], ["created_at", "2015-06-07 15:46:13.986816"], ["updated_at", "2015-06-07 15:46:13.986816"]]
  [1m[36m (0.8ms)[0m  [1mcommit transaction[0m


Started GET "/posts" for ::1 at 2015-06-07 10:46:17 -0500
Processing by PostsController#index as HTML
  [1m[36mPost Load (1.2ms)[0m  [1mSELECT "posts".* FROM "posts"[0m
  Rendered posts/index.html.erb within layouts/application (17.6ms)
Completed 200 OK in 208ms (Views: 185.3ms | ActiveRecord: 1.2ms)


Started GET "/assets/application.self-e80e8f2318043e8af94dddc2adad5a4f09739a8ebb323b3ab31cd71d45fd9113.css?body=1" for ::1 at 2015-06-07 10:46:17 -0500


Started GET "/assets/jquery_ujs.self-8e98a7a072a6cee1372d19fff9ff3e6aa1e39a37d89d6f06861637d061113ee7.js?body=1" for ::1 at 2015-06-07 10:46:17 -0500


Started GET "/assets/posts.self-e3b0c44298fc1c149afbf4c8996fb92427ae41e4649b934ca495991b7852b855.css?body=1" for ::1 at 2015-06-07 10:46:18 -0500


Started GET "/assets/application.self-3b8dabdc891efe46b9a144b400ad69e37d7e5876bdc39dee783419a69d7ca819.js?body=1" for ::1 at 2015-06-07 10:46:18 -0500


Started GET "/assets/turbolinks.self-c37727e9bd6b2735da5c311aa83fead54ed0be6cc8bd9a65309e9c5abe2cbfff.js?body=1" for ::1 at 2015-06-07 10:46:18 -0500


Started GET "/assets/jquery.self-d03a5518f45df77341bdbe6201ba3bfa547ebba8ed64f0ea56bfa5f96ea7c074.js?body=1" for ::1 at 2015-06-07 10:46:18 -0500


Started GET "/assets/posts.self-877aef30ae1b040ab8a3aba4e3e309a11d7f2612f44dde450b5c157aa5f95c05.js?body=1" for ::1 at 2015-06-07 10:46:18 -0500


Started GET "/posts" for ::1 at 2015-06-07 10:47:50 -0500
Processing by PostsController#index as HTML
  [1m[35mPost Load (0.6ms)[0m  SELECT "posts".* FROM "posts"
  Rendered posts/index.html.erb within layouts/application (23.5ms)
Completed 200 OK in 128ms (Views: 116.7ms | ActiveRecord: 1.0ms)


Started GET "/assets/application.self-e80e8f2318043e8af94dddc2adad5a4f09739a8ebb323b3ab31cd71d45fd9113.css?body=1" for ::1 at 2015-06-07 10:47:50 -0500


Started GET "/assets/jquery.self-d03a5518f45df77341bdbe6201ba3bfa547ebba8ed64f0ea56bfa5f96ea7c074.js?body=1" for ::1 at 2015-06-07 10:47:50 -0500


Started GET "/assets/jquery_ujs.self-8e98a7a072a6cee1372d19fff9ff3e6aa1e39a37d89d6f06861637d061113ee7.js?body=1" for ::1 at 2015-06-07 10:47:50 -0500


Started GET "/assets/posts.self-e3b0c44298fc1c149afbf4c8996fb92427ae41e4649b934ca495991b7852b855.css?body=1" for ::1 at 2015-06-07 10:47:50 -0500


Started GET "/assets/turbolinks.self-c37727e9bd6b2735da5c311aa83fead54ed0be6cc8bd9a65309e9c5abe2cbfff.js?body=1" for ::1 at 2015-06-07 10:47:50 -0500


Started GET "/assets/posts.self-877aef30ae1b040ab8a3aba4e3e309a11d7f2612f44dde450b5c157aa5f95c05.js?body=1" for ::1 at 2015-06-07 10:47:50 -0500


Started GET "/assets/application.self-3b8dabdc891efe46b9a144b400ad69e37d7e5876bdc39dee783419a69d7ca819.js?body=1" for ::1 at 2015-06-07 10:47:50 -0500


Started GET "/posts" for ::1 at 2015-06-07 10:51:14 -0500
Processing by PostsController#index as HTML
  [1m[36mPost Load (0.8ms)[0m  [1mSELECT "posts".* FROM "posts"[0m
  Rendered posts/index.html.erb within layouts/application (59.8ms)
Completed 500 Internal Server Error in 121ms (ActiveRecord: 0.8ms)

ActionView::Template::Error (No route matches {:action=>"show", :controller=>"posts"} missing required keys: [:id]):
    2: 
    3: <% @posts.each do |post| %>
    4:   <h3><%= post.title %></h3>
    5:   <p><%= link_to "Read Me", post_path %></p>
    6: 
    7: <% end %>
  app/views/posts/index.html.erb:5:in `block in _app_views_posts_index_html_erb__1512612694839942558_70115634432800'
  app/views/posts/index.html.erb:3:in `_app_views_posts_index_html_erb__1512612694839942558_70115634432800'


  Rendered /Users/ebrengle/.rvm/gems/ruby-2.2.2/gems/actionpack-4.2.1/lib/action_dispatch/middleware/templates/rescues/_source.erb (16.2ms)
  Rendered /Users/ebrengle/.rvm/gems/ruby-2.2.2/gems/actionpack-4.2.1/lib/action_dispatch/middleware/templates/rescues/_trace.html.erb (11.2ms)
  Rendered /Users/ebrengle/.rvm/gems/ruby-2.2.2/gems/actionpack-4.2.1/lib/action_dispatch/middleware/templates/rescues/_request_and_response.html.erb (5.0ms)
  Rendered /Users/ebrengle/.rvm/gems/ruby-2.2.2/gems/actionpack-4.2.1/lib/action_dispatch/middleware/templates/rescues/template_error.html.erb within rescues/layout (176.2ms)
  Rendered /Users/ebrengle/.rvm/gems/ruby-2.2.2/gems/web-console-2.1.2/lib/web_console/templates/_markup.html.erb (2.3ms)
  Rendered /Users/ebrengle/.rvm/gems/ruby-2.2.2/gems/web-console-2.1.2/lib/web_console/templates/style.css.erb within layouts/inlined_string (2.0ms)
  Rendered /Users/ebrengle/.rvm/gems/ruby-2.2.2/gems/web-console-2.1.2/lib/web_console/templates/_inner_console_markup.html.erb within layouts/inlined_string (0.5ms)
  Rendered /Users/ebrengle/.rvm/gems/ruby-2.2.2/gems/web-console-2.1.2/lib/web_console/templates/_prompt_box_markup.html.erb within layouts/inlined_string (1.3ms)
  Rendered /Users/ebrengle/.rvm/gems/ruby-2.2.2/gems/web-console-2.1.2/lib/web_console/templates/console.js.erb within layouts/javascript (166.9ms)
  Rendered /Users/ebrengle/.rvm/gems/ruby-2.2.2/gems/web-console-2.1.2/lib/web_console/templates/main.js.erb within layouts/javascript (0.5ms)
  Rendered /Users/ebrengle/.rvm/gems/ruby-2.2.2/gems/web-console-2.1.2/lib/web_console/templates/error_page.js.erb within layouts/javascript (0.7ms)
  Rendered /Users/ebrengle/.rvm/gems/ruby-2.2.2/gems/web-console-2.1.2/lib/web_console/templates/index.html.erb (328.0ms)


Started GET "/posts" for ::1 at 2015-06-07 10:51:58 -0500
Processing by PostsController#index as HTML
  [1m[35mPost Load (0.3ms)[0m  SELECT "posts".* FROM "posts"
  Rendered posts/index.html.erb within layouts/application (3.3ms)
Completed 200 OK in 94ms (Views: 92.3ms | ActiveRecord: 0.3ms)


Started GET "/assets/jquery_ujs.self-8e98a7a072a6cee1372d19fff9ff3e6aa1e39a37d89d6f06861637d061113ee7.js?body=1" for ::1 at 2015-06-07 10:51:58 -0500


Started GET "/assets/application.self-e80e8f2318043e8af94dddc2adad5a4f09739a8ebb323b3ab31cd71d45fd9113.css?body=1" for ::1 at 2015-06-07 10:51:58 -0500


Started GET "/assets/posts.self-877aef30ae1b040ab8a3aba4e3e309a11d7f2612f44dde450b5c157aa5f95c05.js?body=1" for ::1 at 2015-06-07 10:51:58 -0500


Started GET "/assets/turbolinks.self-c37727e9bd6b2735da5c311aa83fead54ed0be6cc8bd9a65309e9c5abe2cbfff.js?body=1" for ::1 at 2015-06-07 10:51:58 -0500


Started GET "/assets/jquery.self-d03a5518f45df77341bdbe6201ba3bfa547ebba8ed64f0ea56bfa5f96ea7c074.js?body=1" for ::1 at 2015-06-07 10:51:58 -0500


Started GET "/assets/application.self-3b8dabdc891efe46b9a144b400ad69e37d7e5876bdc39dee783419a69d7ca819.js?body=1" for ::1 at 2015-06-07 10:51:58 -0500


Started GET "/assets/posts.self-e3b0c44298fc1c149afbf4c8996fb92427ae41e4649b934ca495991b7852b855.css?body=1" for ::1 at 2015-06-07 10:51:58 -0500


Started GET "/posts/1" for ::1 at 2015-06-07 10:52:01 -0500
Processing by PostsController#show as HTML
  Parameters: {"id"=>"1"}
  [1m[36mPost Load (0.4ms)[0m  [1mSELECT  "posts".* FROM "posts" WHERE "posts"."id" = ? LIMIT 1[0m  [["id", 1]]
  Rendered posts/show.html.erb within layouts/application (8.1ms)
Completed 500 Internal Server Error in 65ms (ActiveRecord: 0.4ms)

ActionView::Template::Error (undefined method `title' for nil:NilClass):
    1: <h1><%= @posts.title %></h1>
  app/views/posts/show.html.erb:1:in `_app_views_posts_show_html_erb__4214855933004161554_70115620835820'


  Rendered /Users/ebrengle/.rvm/gems/ruby-2.2.2/gems/actionpack-4.2.1/lib/action_dispatch/middleware/templates/rescues/_source.erb (17.4ms)
  Rendered /Users/ebrengle/.rvm/gems/ruby-2.2.2/gems/actionpack-4.2.1/lib/action_dispatch/middleware/templates/rescues/_trace.html.erb (8.5ms)
  Rendered /Users/ebrengle/.rvm/gems/ruby-2.2.2/gems/actionpack-4.2.1/lib/action_dispatch/middleware/templates/rescues/_request_and_response.html.erb (2.3ms)
  Rendered /Users/ebrengle/.rvm/gems/ruby-2.2.2/gems/actionpack-4.2.1/lib/action_dispatch/middleware/templates/rescues/template_error.html.erb within rescues/layout (136.9ms)
  Rendered /Users/ebrengle/.rvm/gems/ruby-2.2.2/gems/web-console-2.1.2/lib/web_console/templates/_markup.html.erb (1.8ms)
  Rendered /Users/ebrengle/.rvm/gems/ruby-2.2.2/gems/web-console-2.1.2/lib/web_console/templates/style.css.erb within layouts/inlined_string (0.6ms)
  Rendered /Users/ebrengle/.rvm/gems/ruby-2.2.2/gems/web-console-2.1.2/lib/web_console/templates/_inner_console_markup.html.erb within layouts/inlined_string (0.8ms)
  Rendered /Users/ebrengle/.rvm/gems/ruby-2.2.2/gems/web-console-2.1.2/lib/web_console/templates/_prompt_box_markup.html.erb within layouts/inlined_string (1.3ms)
  Rendered /Users/ebrengle/.rvm/gems/ruby-2.2.2/gems/web-console-2.1.2/lib/web_console/templates/console.js.erb within layouts/javascript (128.9ms)
  Rendered /Users/ebrengle/.rvm/gems/ruby-2.2.2/gems/web-console-2.1.2/lib/web_console/templates/main.js.erb within layouts/javascript (0.5ms)
  Rendered /Users/ebrengle/.rvm/gems/ruby-2.2.2/gems/web-console-2.1.2/lib/web_console/templates/error_page.js.erb within layouts/javascript (2.3ms)
  Rendered /Users/ebrengle/.rvm/gems/ruby-2.2.2/gems/web-console-2.1.2/lib/web_console/templates/index.html.erb (271.6ms)


Started GET "/posts/1" for ::1 at 2015-06-07 10:52:02 -0500
Processing by PostsController#show as HTML
  Parameters: {"id"=>"1"}
  [1m[35mPost Load (0.3ms)[0m  SELECT  "posts".* FROM "posts" WHERE "posts"."id" = ? LIMIT 1  [["id", 1]]
  Rendered posts/show.html.erb within layouts/application (15.8ms)
Completed 500 Internal Server Error in 35ms (ActiveRecord: 0.3ms)

ActionView::Template::Error (undefined method `title' for nil:NilClass):
    1: <h1><%= @posts.title %></h1>
  app/views/posts/show.html.erb:1:in `_app_views_posts_show_html_erb__4214855933004161554_70115661514260'


  Rendered /Users/ebrengle/.rvm/gems/ruby-2.2.2/gems/actionpack-4.2.1/lib/action_dispatch/middleware/templates/rescues/_source.erb (20.0ms)
  Rendered /Users/ebrengle/.rvm/gems/ruby-2.2.2/gems/actionpack-4.2.1/lib/action_dispatch/middleware/templates/rescues/_trace.html.erb (13.9ms)
  Rendered /Users/ebrengle/.rvm/gems/ruby-2.2.2/gems/actionpack-4.2.1/lib/action_dispatch/middleware/templates/rescues/_request_and_response.html.erb (1.9ms)
  Rendered /Users/ebrengle/.rvm/gems/ruby-2.2.2/gems/actionpack-4.2.1/lib/action_dispatch/middleware/templates/rescues/template_error.html.erb within rescues/layout (211.2ms)
  Rendered /Users/ebrengle/.rvm/gems/ruby-2.2.2/gems/web-console-2.1.2/lib/web_console/templates/_markup.html.erb (1.4ms)
  Rendered /Users/ebrengle/.rvm/gems/ruby-2.2.2/gems/web-console-2.1.2/lib/web_console/templates/style.css.erb within layouts/inlined_string (0.7ms)
  Rendered /Users/ebrengle/.rvm/gems/ruby-2.2.2/gems/web-console-2.1.2/lib/web_console/templates/_inner_console_markup.html.erb within layouts/inlined_string (0.5ms)
  Rendered /Users/ebrengle/.rvm/gems/ruby-2.2.2/gems/web-console-2.1.2/lib/web_console/templates/_prompt_box_markup.html.erb within layouts/inlined_string (0.6ms)
  Rendered /Users/ebrengle/.rvm/gems/ruby-2.2.2/gems/web-console-2.1.2/lib/web_console/templates/console.js.erb within layouts/javascript (149.0ms)
  Rendered /Users/ebrengle/.rvm/gems/ruby-2.2.2/gems/web-console-2.1.2/lib/web_console/templates/main.js.erb within layouts/javascript (1.0ms)
  Rendered /Users/ebrengle/.rvm/gems/ruby-2.2.2/gems/web-console-2.1.2/lib/web_console/templates/error_page.js.erb within layouts/javascript (0.5ms)
  Rendered /Users/ebrengle/.rvm/gems/ruby-2.2.2/gems/web-console-2.1.2/lib/web_console/templates/index.html.erb (288.9ms)


Started GET "/posts/2" for ::1 at 2015-06-07 10:52:51 -0500
Processing by PostsController#show as HTML
  Parameters: {"id"=>"2"}
  [1m[36mPost Load (0.2ms)[0m  [1mSELECT  "posts".* FROM "posts" WHERE "posts"."id" = ? LIMIT 1[0m  [["id", 2]]
  Rendered posts/show.html.erb within layouts/application (12.7ms)
Completed 500 Internal Server Error in 29ms (ActiveRecord: 0.2ms)

ActionView::Template::Error (undefined method `title' for nil:NilClass):
    1: <h1><%= @posts.title %></h1>
    2: <p><%= @posts.body %></p>
  app/views/posts/show.html.erb:1:in `_app_views_posts_show_html_erb__4214855933004161554_70115681293560'


  Rendered /Users/ebrengle/.rvm/gems/ruby-2.2.2/gems/actionpack-4.2.1/lib/action_dispatch/middleware/templates/rescues/_source.erb (34.0ms)
  Rendered /Users/ebrengle/.rvm/gems/ruby-2.2.2/gems/actionpack-4.2.1/lib/action_dispatch/middleware/templates/rescues/_trace.html.erb (4.3ms)
  Rendered /Users/ebrengle/.rvm/gems/ruby-2.2.2/gems/actionpack-4.2.1/lib/action_dispatch/middleware/templates/rescues/_request_and_response.html.erb (1.6ms)
  Rendered /Users/ebrengle/.rvm/gems/ruby-2.2.2/gems/actionpack-4.2.1/lib/action_dispatch/middleware/templates/rescues/template_error.html.erb within rescues/layout (190.6ms)
  Rendered /Users/ebrengle/.rvm/gems/ruby-2.2.2/gems/web-console-2.1.2/lib/web_console/templates/_markup.html.erb (1.1ms)
  Rendered /Users/ebrengle/.rvm/gems/ruby-2.2.2/gems/web-console-2.1.2/lib/web_console/templates/style.css.erb within layouts/inlined_string (7.3ms)
  Rendered /Users/ebrengle/.rvm/gems/ruby-2.2.2/gems/web-console-2.1.2/lib/web_console/templates/_inner_console_markup.html.erb within layouts/inlined_string (0.6ms)
  Rendered /Users/ebrengle/.rvm/gems/ruby-2.2.2/gems/web-console-2.1.2/lib/web_console/templates/_prompt_box_markup.html.erb within layouts/inlined_string (5.9ms)
  Rendered /Users/ebrengle/.rvm/gems/ruby-2.2.2/gems/web-console-2.1.2/lib/web_console/templates/console.js.erb within layouts/javascript (219.2ms)
  Rendered /Users/ebrengle/.rvm/gems/ruby-2.2.2/gems/web-console-2.1.2/lib/web_console/templates/main.js.erb within layouts/javascript (0.4ms)
  Rendered /Users/ebrengle/.rvm/gems/ruby-2.2.2/gems/web-console-2.1.2/lib/web_console/templates/error_page.js.erb within layouts/javascript (1.0ms)
  Rendered /Users/ebrengle/.rvm/gems/ruby-2.2.2/gems/web-console-2.1.2/lib/web_console/templates/index.html.erb (442.5ms)


Started GET "/posts/2" for ::1 at 2015-06-07 10:52:53 -0500
Processing by PostsController#show as HTML
  Parameters: {"id"=>"2"}
  [1m[35mPost Load (0.2ms)[0m  SELECT  "posts".* FROM "posts" WHERE "posts"."id" = ? LIMIT 1  [["id", 2]]
  Rendered posts/show.html.erb within layouts/application (5.2ms)
Completed 500 Internal Server Error in 19ms (ActiveRecord: 0.2ms)

ActionView::Template::Error (undefined method `title' for nil:NilClass):
    1: <h1><%= @posts.title %></h1>
    2: <p><%= @posts.body %></p>
  app/views/posts/show.html.erb:1:in `_app_views_posts_show_html_erb__4214855933004161554_70115627702480'


  Rendered /Users/ebrengle/.rvm/gems/ruby-2.2.2/gems/actionpack-4.2.1/lib/action_dispatch/middleware/templates/rescues/_source.erb (25.1ms)
  Rendered /Users/ebrengle/.rvm/gems/ruby-2.2.2/gems/actionpack-4.2.1/lib/action_dispatch/middleware/templates/rescues/_trace.html.erb (11.1ms)
  Rendered /Users/ebrengle/.rvm/gems/ruby-2.2.2/gems/actionpack-4.2.1/lib/action_dispatch/middleware/templates/rescues/_request_and_response.html.erb (2.2ms)
  Rendered /Users/ebrengle/.rvm/gems/ruby-2.2.2/gems/actionpack-4.2.1/lib/action_dispatch/middleware/templates/rescues/template_error.html.erb within rescues/layout (160.0ms)
  Rendered /Users/ebrengle/.rvm/gems/ruby-2.2.2/gems/web-console-2.1.2/lib/web_console/templates/_markup.html.erb (1.0ms)
  Rendered /Users/ebrengle/.rvm/gems/ruby-2.2.2/gems/web-console-2.1.2/lib/web_console/templates/style.css.erb within layouts/inlined_string (6.6ms)
  Rendered /Users/ebrengle/.rvm/gems/ruby-2.2.2/gems/web-console-2.1.2/lib/web_console/templates/_inner_console_markup.html.erb within layouts/inlined_string (1.1ms)
  Rendered /Users/ebrengle/.rvm/gems/ruby-2.2.2/gems/web-console-2.1.2/lib/web_console/templates/_prompt_box_markup.html.erb within layouts/inlined_string (0.5ms)
  Rendered /Users/ebrengle/.rvm/gems/ruby-2.2.2/gems/web-console-2.1.2/lib/web_console/templates/console.js.erb within layouts/javascript (142.5ms)
  Rendered /Users/ebrengle/.rvm/gems/ruby-2.2.2/gems/web-console-2.1.2/lib/web_console/templates/main.js.erb within layouts/javascript (0.4ms)
  Rendered /Users/ebrengle/.rvm/gems/ruby-2.2.2/gems/web-console-2.1.2/lib/web_console/templates/error_page.js.erb within layouts/javascript (1.6ms)
  Rendered /Users/ebrengle/.rvm/gems/ruby-2.2.2/gems/web-console-2.1.2/lib/web_console/templates/index.html.erb (304.6ms)


Started GET "/posts" for ::1 at 2015-06-07 10:55:54 -0500
Processing by PostsController#index as HTML
  [1m[36mPost Load (1.0ms)[0m  [1mSELECT "posts".* FROM "posts"[0m
  Rendered posts/index.html.erb within layouts/application (19.4ms)
Completed 200 OK in 217ms (Views: 202.8ms | ActiveRecord: 1.0ms)


Started GET "/assets/application.self-e80e8f2318043e8af94dddc2adad5a4f09739a8ebb323b3ab31cd71d45fd9113.css?body=1" for ::1 at 2015-06-07 10:55:54 -0500


Started GET "/assets/jquery.self-d03a5518f45df77341bdbe6201ba3bfa547ebba8ed64f0ea56bfa5f96ea7c074.js?body=1" for ::1 at 2015-06-07 10:55:54 -0500


Started GET "/assets/posts.self-e3b0c44298fc1c149afbf4c8996fb92427ae41e4649b934ca495991b7852b855.css?body=1" for ::1 at 2015-06-07 10:55:54 -0500


Started GET "/assets/jquery_ujs.self-8e98a7a072a6cee1372d19fff9ff3e6aa1e39a37d89d6f06861637d061113ee7.js?body=1" for ::1 at 2015-06-07 10:55:54 -0500


Started GET "/assets/turbolinks.self-c37727e9bd6b2735da5c311aa83fead54ed0be6cc8bd9a65309e9c5abe2cbfff.js?body=1" for ::1 at 2015-06-07 10:55:54 -0500


Started GET "/assets/posts.self-877aef30ae1b040ab8a3aba4e3e309a11d7f2612f44dde450b5c157aa5f95c05.js?body=1" for ::1 at 2015-06-07 10:55:54 -0500


Started GET "/assets/application.self-3b8dabdc891efe46b9a144b400ad69e37d7e5876bdc39dee783419a69d7ca819.js?body=1" for ::1 at 2015-06-07 10:55:54 -0500


Started GET "/posts/2" for ::1 at 2015-06-07 10:55:56 -0500
Processing by PostsController#show as HTML
  Parameters: {"id"=>"2"}
  [1m[35mPost Load (0.5ms)[0m  SELECT  "posts".* FROM "posts" WHERE "posts"."id" = ? LIMIT 1  [["id", 2]]
  Rendered posts/show.html.erb within layouts/application (15.3ms)
Completed 500 Internal Server Error in 31ms (ActiveRecord: 0.5ms)

ActionView::Template::Error (undefined method `body' for nil:NilClass):
    1: <h1><%= @post.title %></h1>
    2: <p><%= @posts.body %></p>
  app/views/posts/show.html.erb:2:in `_app_views_posts_show_html_erb__4214855933004161554_70115659975300'


  Rendered /Users/ebrengle/.rvm/gems/ruby-2.2.2/gems/actionpack-4.2.1/lib/action_dispatch/middleware/templates/rescues/_source.erb (22.8ms)
  Rendered /Users/ebrengle/.rvm/gems/ruby-2.2.2/gems/actionpack-4.2.1/lib/action_dispatch/middleware/templates/rescues/_trace.html.erb (10.8ms)
  Rendered /Users/ebrengle/.rvm/gems/ruby-2.2.2/gems/actionpack-4.2.1/lib/action_dispatch/middleware/templates/rescues/_request_and_response.html.erb (1.7ms)
  Rendered /Users/ebrengle/.rvm/gems/ruby-2.2.2/gems/actionpack-4.2.1/lib/action_dispatch/middleware/templates/rescues/template_error.html.erb within rescues/layout (184.3ms)
  Rendered /Users/ebrengle/.rvm/gems/ruby-2.2.2/gems/web-console-2.1.2/lib/web_console/templates/_markup.html.erb (0.7ms)
  Rendered /Users/ebrengle/.rvm/gems/ruby-2.2.2/gems/web-console-2.1.2/lib/web_console/templates/style.css.erb within layouts/inlined_string (0.8ms)
  Rendered /Users/ebrengle/.rvm/gems/ruby-2.2.2/gems/web-console-2.1.2/lib/web_console/templates/_inner_console_markup.html.erb within layouts/inlined_string (0.5ms)
  Rendered /Users/ebrengle/.rvm/gems/ruby-2.2.2/gems/web-console-2.1.2/lib/web_console/templates/_prompt_box_markup.html.erb within layouts/inlined_string (0.6ms)
  Rendered /Users/ebrengle/.rvm/gems/ruby-2.2.2/gems/web-console-2.1.2/lib/web_console/templates/console.js.erb within layouts/javascript (112.6ms)
  Rendered /Users/ebrengle/.rvm/gems/ruby-2.2.2/gems/web-console-2.1.2/lib/web_console/templates/main.js.erb within layouts/javascript (0.9ms)
  Rendered /Users/ebrengle/.rvm/gems/ruby-2.2.2/gems/web-console-2.1.2/lib/web_console/templates/error_page.js.erb within layouts/javascript (3.3ms)
  Rendered /Users/ebrengle/.rvm/gems/ruby-2.2.2/gems/web-console-2.1.2/lib/web_console/templates/index.html.erb (291.2ms)


Started GET "/posts/2" for ::1 at 2015-06-07 10:55:58 -0500
Processing by PostsController#show as HTML
  Parameters: {"id"=>"2"}
  [1m[36mPost Load (0.1ms)[0m  [1mSELECT  "posts".* FROM "posts" WHERE "posts"."id" = ? LIMIT 1[0m  [["id", 2]]
  Rendered posts/show.html.erb within layouts/application (9.1ms)
Completed 500 Internal Server Error in 17ms (ActiveRecord: 0.1ms)

ActionView::Template::Error (undefined method `body' for nil:NilClass):
    1: <h1><%= @post.title %></h1>
    2: <p><%= @posts.body %></p>
  app/views/posts/show.html.erb:2:in `_app_views_posts_show_html_erb__4214855933004161554_70115676675520'


  Rendered /Users/ebrengle/.rvm/gems/ruby-2.2.2/gems/actionpack-4.2.1/lib/action_dispatch/middleware/templates/rescues/_source.erb (57.4ms)
  Rendered /Users/ebrengle/.rvm/gems/ruby-2.2.2/gems/actionpack-4.2.1/lib/action_dispatch/middleware/templates/rescues/_trace.html.erb (3.3ms)
  Rendered /Users/ebrengle/.rvm/gems/ruby-2.2.2/gems/actionpack-4.2.1/lib/action_dispatch/middleware/templates/rescues/_request_and_response.html.erb (1.8ms)
  Rendered /Users/ebrengle/.rvm/gems/ruby-2.2.2/gems/actionpack-4.2.1/lib/action_dispatch/middleware/templates/rescues/template_error.html.erb within rescues/layout (194.5ms)
  Rendered /Users/ebrengle/.rvm/gems/ruby-2.2.2/gems/web-console-2.1.2/lib/web_console/templates/_markup.html.erb (1.1ms)
  Rendered /Users/ebrengle/.rvm/gems/ruby-2.2.2/gems/web-console-2.1.2/lib/web_console/templates/style.css.erb within layouts/inlined_string (0.7ms)
  Rendered /Users/ebrengle/.rvm/gems/ruby-2.2.2/gems/web-console-2.1.2/lib/web_console/templates/_inner_console_markup.html.erb within layouts/inlined_string (0.5ms)
  Rendered /Users/ebrengle/.rvm/gems/ruby-2.2.2/gems/web-console-2.1.2/lib/web_console/templates/_prompt_box_markup.html.erb within layouts/inlined_string (0.4ms)
  Rendered /Users/ebrengle/.rvm/gems/ruby-2.2.2/gems/web-console-2.1.2/lib/web_console/templates/console.js.erb within layouts/javascript (159.0ms)
  Rendered /Users/ebrengle/.rvm/gems/ruby-2.2.2/gems/web-console-2.1.2/lib/web_console/templates/main.js.erb within layouts/javascript (4.4ms)
  Rendered /Users/ebrengle/.rvm/gems/ruby-2.2.2/gems/web-console-2.1.2/lib/web_console/templates/error_page.js.erb within layouts/javascript (4.1ms)
  Rendered /Users/ebrengle/.rvm/gems/ruby-2.2.2/gems/web-console-2.1.2/lib/web_console/templates/index.html.erb (326.4ms)


Started GET "/posts/2" for ::1 at 2015-06-07 10:56:08 -0500
Processing by PostsController#show as HTML
  Parameters: {"id"=>"2"}
  [1m[35mPost Load (0.2ms)[0m  SELECT  "posts".* FROM "posts" WHERE "posts"."id" = ? LIMIT 1  [["id", 2]]
  Rendered posts/show.html.erb within layouts/application (0.6ms)
Completed 200 OK in 97ms (Views: 95.0ms | ActiveRecord: 0.2ms)


Started GET "/assets/jquery.self-d03a5518f45df77341bdbe6201ba3bfa547ebba8ed64f0ea56bfa5f96ea7c074.js?body=1" for ::1 at 2015-06-07 10:56:08 -0500


Started GET "/assets/jquery_ujs.self-8e98a7a072a6cee1372d19fff9ff3e6aa1e39a37d89d6f06861637d061113ee7.js?body=1" for ::1 at 2015-06-07 10:56:08 -0500


Started GET "/assets/application.self-e80e8f2318043e8af94dddc2adad5a4f09739a8ebb323b3ab31cd71d45fd9113.css?body=1" for ::1 at 2015-06-07 10:56:08 -0500


Started GET "/assets/turbolinks.self-c37727e9bd6b2735da5c311aa83fead54ed0be6cc8bd9a65309e9c5abe2cbfff.js?body=1" for ::1 at 2015-06-07 10:56:08 -0500


Started GET "/assets/posts.self-877aef30ae1b040ab8a3aba4e3e309a11d7f2612f44dde450b5c157aa5f95c05.js?body=1" for ::1 at 2015-06-07 10:56:08 -0500


Started GET "/assets/application.self-3b8dabdc891efe46b9a144b400ad69e37d7e5876bdc39dee783419a69d7ca819.js?body=1" for ::1 at 2015-06-07 10:56:08 -0500


Started GET "/assets/posts.self-e3b0c44298fc1c149afbf4c8996fb92427ae41e4649b934ca495991b7852b855.css?body=1" for ::1 at 2015-06-07 10:56:08 -0500
